<?xml version="1.0" encoding="UTF-8"?>
<!-- Generated by org.testng.reporters.JUnitXMLReporter -->
<testsuite ignored="2" hostname="DESKTOP-C2L87CL" failures="1" tests="3" name="Test" time="1.291" errors="0" timestamp="2023-05-01T22:34:43 IST">
  <testcase classname="Core.page" name="@BeforeTest generateLogReport" time="-1.682960682181E9">
    <failure type="org.testng.TestNGException" message="
Parameter &amp;apos;filename&amp;apos; is required by BeforeTest on method generateLogReport but has not been marked @Optional or defined
in C:\Users\Sandeep\Desktop\mavenproject\DemoProject\testng.xml">
      <![CDATA[org.testng.TestNGException: 
Parameter 'filename' is required by BeforeTest on method generateLogReport but has not been marked @Optional or defined
in C:\Users\Sandeep\Desktop\mavenproject\DemoProject\testng.xml
... Removed 21 stack frames]]>
    </failure>
  </testcase> <!-- @BeforeTest generateLogReport -->
  <testcase classname="Core.page" name="@BeforeClass readXpath" time="0.0">
    <skipped/>
  </testcase> <!-- @BeforeClass readXpath -->
  <testcase classname="Core.page" name="@BeforeMethod openBrowser" time="0.0">
    <skipped/>
  </testcase> <!-- @BeforeMethod openBrowser -->
  <testcase classname="Core.page" name="@AfterMethod closeBrowser" time="0.0">
    <skipped/>
  </testcase> <!-- @AfterMethod closeBrowser -->
  <testcase classname="Core.page" name="@BeforeMethod openBrowser" time="0.0">
    <skipped/>
  </testcase> <!-- @BeforeMethod openBrowser -->
  <testcase classname="Core.page" name="@AfterMethod closeBrowser" time="0.0">
    <skipped/>
  </testcase> <!-- @AfterMethod closeBrowser -->
  <testcase classname="Core.page" name="@BeforeClass readXpath" time="0.0">
    <skipped/>
  </testcase> <!-- @BeforeClass readXpath -->
  <testcase classname="Core.page" name="@AfterTest closeReport" time="0.0">
    <skipped/>
  </testcase> <!-- @AfterTest closeReport -->
  <testcase classname="testcase.AmazonTest" name="test" time="0.0">
    <skipped/>
  </testcase> <!-- test -->
  <testcase classname="testcase.AmazonTest" name="test" time="0.001">
    <skipped/>
  </testcase> <!-- test -->
  <testcase classname="testcase.FacebookTest" name="test" time="0.0">
    <failure type="java.lang.RuntimeException" message="java.sql.SQLException: C:\core\selenium\Book3.xls (The system cannot find the path specified)">
      <![CDATA[java.lang.RuntimeException: java.sql.SQLException: C:\core\selenium\Book3.xls (The system cannot find the path specified)
at java.base/java.util.ArrayList.forEach(ArrayList.java:1511)
Caused by: java.sql.SQLException: C:\core\selenium\Book3.xls (The system cannot find the path specified)
at net.pcal.sqlsheet.XlsDriver.connect(XlsDriver.java:111)
at java.sql/java.sql.DriverManager.getConnection(DriverManager.java:681)
at java.sql/java.sql.DriverManager.getConnection(DriverManager.java:252)
at utility.poiConfig.makeConnection(poiConfig.java:19)
at utility.poiConfig.getData(poiConfig.java:27)
at testcase.FacebookTest.loginData(FacebookTest.java:30)
... 25 more
Caused by: java.io.FileNotFoundException: C:\core\selenium\Book3.xls (The system cannot find the path specified)
at java.base/java.io.FileOutputStream.open0(Native Method)
at java.base/java.io.FileOutputStream.open(FileOutputStream.java:293)
at java.base/java.io.FileOutputStream.<init>(FileOutputStream.java:235)
at java.base/java.io.FileOutputStream.<init>(FileOutputStream.java:184)
at net.pcal.sqlsheet.XlsDriver.flushWorkbook(XlsDriver.java:157)
at net.pcal.sqlsheet.XlsDriver.getOrCreateWorkbook(XlsDriver.java:148)
at net.pcal.sqlsheet.XlsDriver.connect(XlsDriver.java:105)
... 37 more
... Removed 32 stack frames]]>
    </failure>
  </testcase> <!-- test -->
  <testcase classname="Core.page" name="@BeforeTest generateLogReport" time="0.0">
    <ignored/>
  </testcase> <!-- @BeforeTest generateLogReport -->
  <testcase classname="Core.page" name="@AfterTest closeReport" time="0.0">
    <ignored/>
  </testcase> <!-- @AfterTest closeReport -->
</testsuite> <!-- Test -->
